<?xml version="1.0" encoding="UTF-8"?>
<!-- Generated by org.testng.reporters.JUnitXMLReporter -->
<testsuite ignored="0" hostname="LTIN620432" failures="0" tests="4" name="Default test" time="67.751" errors="0" timestamp="2025-07-01T10:43:15 IST">
  <testcase classname="mini_project.MiniProj_Apachi_TestNG" name="testLogin" time="16.227"/>
  <testcase classname="mini_project.MiniProj_Apachi_TestNG" name="testLogin" time="16.045"/>
  <testcase classname="mini_project.MiniProj_Apachi_TestNG" name="testLogin" time="16.33"/>
  <testcase classname="mini_project.MiniProj_Apachi_TestNG" name="testLogin" time="2.28"/>
</testsuite> <!-- Default test -->
