<?xml version="1.0" encoding="UTF-8"?>
<!-- Generated by org.testng.reporters.JUnitXMLReporter -->
<testsuite ignored="0" hostname="LTIN620432" failures="0" tests="4" name="Test" time="74.51" errors="0" timestamp="2025-06-30T23:22:32 IST">
  <testcase classname="mini_project.MiniProj_Apachi_TestNG" name="testLogin" time="18.859"/>
  <testcase classname="mini_project.MiniProj_Apachi_TestNG" name="testLogin" time="17.657"/>
  <testcase classname="mini_project.MiniProj_Apachi_TestNG" name="testLogin" time="17.691"/>
  <testcase classname="mini_project.MiniProj_Apachi_TestNG" name="testLogin" time="2.86"/>
</testsuite> <!-- Test -->
