<?xml version="1.0" encoding="UTF-8"?>
<!-- Generated by org.testng.reporters.JUnitXMLReporter -->
<testsuite ignored="0" hostname="LTIN620432" failures="0" tests="4" name="Test" time="70.82" errors="0" timestamp="2025-07-01T09:32:11 IST">
  <testcase classname="mini_project.MiniProj_Apachi_TestNG" name="testLogin" time="16.043"/>
  <testcase classname="mini_project.MiniProj_Apachi_TestNG" name="testLogin" time="16.11"/>
  <testcase classname="mini_project.MiniProj_Apachi_TestNG" name="testLogin" time="21.516"/>
  <testcase classname="mini_project.MiniProj_Apachi_TestNG" name="testLogin" time="2.007"/>
</testsuite> <!-- Test -->
