<?xml version="1.0" encoding="UTF-8"?>
<!-- Generated by org.testng.reporters.JUnitXMLReporter -->
<testsuite ignored="0" hostname="LTIN620432" failures="0" tests="4" name="Test" time="70.819" errors="0" timestamp="2025-07-01T10:49:45 IST">
  <testcase classname="mini_project.MiniProj_Apachi_TestNG" name="testLogin" time="18.053"/>
  <testcase classname="mini_project.MiniProj_Apachi_TestNG" name="testLogin" time="16.758"/>
  <testcase classname="mini_project.MiniProj_Apachi_TestNG" name="testLogin" time="16.691"/>
  <testcase classname="mini_project.MiniProj_Apachi_TestNG" name="testLogin" time="2.487"/>
</testsuite> <!-- Test -->
