<?xml version="1.0" encoding="UTF-8"?>
<testng-results ignored="0" total="4" passed="4" failed="0" skipped="0">
  <reporter-output>
  </reporter-output>
  <suite started-at="2025-07-01T10:48:34 IST" name="Suite" finished-at="2025-07-01T10:49:45 IST" duration-ms="70819">
    <groups>
    </groups>
    <test started-at="2025-07-01T10:48:34 IST" name="Test" finished-at="2025-07-01T10:49:45 IST" duration-ms="70819">
      <class name="mini_project.MiniProj_Apachi_TestNG">
        <test-method is-config="true" signature="setUp()[pri:0, instance:mini_project.MiniProj_Apachi_TestNG@7ec7ffd3]" started-at="2025-07-01T10:48:34 IST" name="setUp" finished-at="2025-07-01T10:48:44 IST" duration-ms="9680" status="PASS">
          <reporter-output>
          </reporter-output>
        </test-method> <!-- setUp -->
        <test-method signature="testLogin(int,java.lang.String,java.lang.String,java.lang.String,java.lang.String)[pri:0, instance:mini_project.MiniProj_Apachi_TestNG@7ec7ffd3]" started-at="2025-07-01T10:48:46 IST" name="testLogin" data-provider="loginData" finished-at="2025-07-01T10:49:04 IST" duration-ms="18053" status="PASS">
          <params>
            <param index="0">
              <value>
                <![CDATA[1]]>
              </value>
            </param>
            <param index="1">
              <value>
                <![CDATA[Admin]]>
              </value>
            </param>
            <param index="2">
              <value>
                <![CDATA[admin123]]>
              </value>
            </param>
            <param index="3">
              <value>
                <![CDATA[Automation Tester]]>
              </value>
            </param>
            <param index="4">
              <value>
                <![CDATA[Testing]]>
              </value>
            </param>
          </params>
          <reporter-output>
          </reporter-output>
        </test-method> <!-- testLogin -->
        <test-method signature="testLogin(int,java.lang.String,java.lang.String,java.lang.String,java.lang.String)[pri:0, instance:mini_project.MiniProj_Apachi_TestNG@7ec7ffd3]" started-at="2025-07-01T10:49:04 IST" name="testLogin" data-provider="loginData" finished-at="2025-07-01T10:49:20 IST" duration-ms="16758" status="PASS">
          <params>
            <param index="0">
              <value>
                <![CDATA[2]]>
              </value>
            </param>
            <param index="1">
              <value>
                <![CDATA[Admin]]>
              </value>
            </param>
            <param index="2">
              <value>
                <![CDATA[admin123]]>
              </value>
            </param>
            <param index="3">
              <value>
                <![CDATA[Automation Tester]]>
              </value>
            </param>
            <param index="4">
              <value>
                <![CDATA[Testing]]>
              </value>
            </param>
          </params>
          <reporter-output>
          </reporter-output>
        </test-method> <!-- testLogin -->
        <test-method signature="testLogin(int,java.lang.String,java.lang.String,java.lang.String,java.lang.String)[pri:0, instance:mini_project.MiniProj_Apachi_TestNG@7ec7ffd3]" started-at="2025-07-01T10:49:20 IST" name="testLogin" data-provider="loginData" finished-at="2025-07-01T10:49:37 IST" duration-ms="16691" status="PASS">
          <params>
            <param index="0">
              <value>
                <![CDATA[3]]>
              </value>
            </param>
            <param index="1">
              <value>
                <![CDATA[Admin ]]>
              </value>
            </param>
            <param index="2">
              <value>
                <![CDATA[admin123]]>
              </value>
            </param>
            <param index="3">
              <value>
                <![CDATA[Automation Tester_1]]>
              </value>
            </param>
            <param index="4">
              <value>
                <![CDATA[Testing]]>
              </value>
            </param>
          </params>
          <reporter-output>
          </reporter-output>
        </test-method> <!-- testLogin -->
        <test-method signature="testLogin(int,java.lang.String,java.lang.String,java.lang.String,java.lang.String)[pri:0, instance:mini_project.MiniProj_Apachi_TestNG@7ec7ffd3]" started-at="2025-07-01T10:49:37 IST" name="testLogin" data-provider="loginData" finished-at="2025-07-01T10:49:40 IST" duration-ms="2487" status="PASS">
          <params>
            <param index="0">
              <value>
                <![CDATA[4]]>
              </value>
            </param>
            <param index="1">
              <value>
                <![CDATA[Adminn]]>
              </value>
            </param>
            <param index="2">
              <value>
                <![CDATA[admin123]]>
              </value>
            </param>
            <param index="3">
              <value>
                <![CDATA[Automation Tester_2]]>
              </value>
            </param>
            <param index="4">
              <value>
                <![CDATA[Testing]]>
              </value>
            </param>
          </params>
          <reporter-output>
          </reporter-output>
        </test-method> <!-- testLogin -->
        <test-method is-config="true" signature="tearDown()[pri:0, instance:mini_project.MiniProj_Apachi_TestNG@7ec7ffd3]" started-at="2025-07-01T10:49:40 IST" name="tearDown" finished-at="2025-07-01T10:49:45 IST" duration-ms="5364" status="PASS">
          <reporter-output>
          </reporter-output>
        </test-method> <!-- tearDown -->
      </class> <!-- mini_project.MiniProj_Apachi_TestNG -->
    </test> <!-- Test -->
  </suite> <!-- Suite -->
</testng-results>
